TN:
SF:src\components\Button\index.tsx
FN:4,Button
FNF:1
FNH:1
FNDA:5,Button
DA:1,1
DA:2,1
DA:3,1
DA:4,1
DA:5,5
DA:6,5
DA:7,5
DA:8,5
DA:9,5
DA:10,5
DA:11,5
DA:12,1
DA:13,1
LF:13
LH:13
BRDA:4,0,0,5
BRF:1
BRH:1
end_of_record
TN:
SF:src\components\Input\index.tsx
FN:4,Input
FNF:1
FNH:1
FNDA:11,Input
DA:1,1
DA:2,1
DA:3,1
DA:4,1
DA:5,11
DA:6,11
DA:7,11
DA:8,11
DA:9,11
DA:10,4
DA:11,4
DA:12,11
DA:13,11
DA:14,11
DA:15,11
DA:16,11
DA:17,1
DA:18,1
LF:18
LH:18
BRDA:4,0,0,11
BRDA:9,1,0,4
BRF:2
BRH:2
end_of_record
TN:
SF:src\components\Typography\index.tsx
FN:1,(empty-report)
FNF:1
FNH:0
FNDA:0,(empty-report)
DA:1,0
LF:1
LH:0
BRDA:1,0,0,0
BRF:1
BRH:0
end_of_record
TN:
SF:src\pages\index.tsx
FN:3,Home
FNF:1
FNH:1
FNDA:1,Home
DA:1,1
DA:2,1
DA:3,1
DA:4,1
DA:5,1
LF:5
LH:5
BRDA:3,0,0,1
BRF:1
BRH:1
end_of_record
TN:
SF:src\view\Home\index.tsx
FN:5,HomeView
FN:6,handlerFormClick
FN:15,onclick
FNF:3
FNH:3
FNDA:3,HomeView
FNDA:1,handlerFormClick
FNDA:1,onclick
DA:1,1
DA:2,1
DA:3,1
DA:4,1
DA:5,1
DA:6,3
DA:7,1
DA:8,1
DA:9,3
DA:10,3
DA:11,3
DA:12,3
DA:13,3
DA:14,3
DA:15,3
DA:16,3
DA:17,3
DA:18,3
DA:19,3
DA:20,3
DA:21,3
DA:22,3
DA:23,3
DA:24,3
DA:25,3
DA:26,3
DA:27,3
DA:28,3
DA:29,3
DA:30,3
DA:31,3
DA:32,3
DA:33,3
DA:34,3
DA:35,3
DA:36,3
DA:37,3
DA:38,3
DA:39,3
DA:40,1
DA:41,1
LF:41
LH:41
BRDA:5,0,0,3
BRDA:6,1,0,1
BRDA:15,2,0,1
BRF:3
BRH:3
end_of_record
